#! /usr/bin/vvp
:ivl_version "11.0 (stable)";
:ivl_delay_selection "TYPICAL";
:vpi_time_precision + 0;
:vpi_module "/usr/lib/x86_64-linux-gnu/ivl/system.vpi";
:vpi_module "/usr/lib/x86_64-linux-gnu/ivl/vhdl_sys.vpi";
:vpi_module "/usr/lib/x86_64-linux-gnu/ivl/vhdl_textio.vpi";
:vpi_module "/usr/lib/x86_64-linux-gnu/ivl/v2005_math.vpi";
:vpi_module "/usr/lib/x86_64-linux-gnu/ivl/va_math.vpi";
S_0x557eea3c4d20 .scope module, "tb" "tb" 2 2;
 .timescale 0 0;
v0x557eea431870_0 .var "a", 7 0;
v0x557eea431930_0 .var "b", 7 0;
v0x557eea4319d0_0 .net "o", 8 0, L_0x557eea432ce0;  1 drivers
S_0x557eea3c4eb0 .scope module, "a1" "top" 2 16, 3 6 0, S_0x557eea3c4d20;
 .timescale 0 0;
    .port_info 0 /INPUT 8 "b";
    .port_info 1 /OUTPUT 9 "o";
    .port_info 2 /INPUT 8 "a";
L_0x557eea3c5090 .functor OR 1, L_0x557eea431a70, L_0x557eea431b10, C4<0>, C4<0>;
L_0x557eea4305e0 .functor AND 1, L_0x557eea4321d0, L_0x557eea4322c0, C4<1>, C4<1>;
L_0x557eea4327a0 .functor OR 1, L_0x557eea432810, L_0x557eea4328b0, C4<0>, C4<0>;
L_0x557eea432690 .functor BUFZ 8, L_0x557eea4325f0, C4<00000000>, C4<00000000>, C4<00000000>;
L_0x557eea432b20 .functor BUFZ 1, L_0x557eea3c5090, C4<0>, C4<0>, C4<0>;
L_0x557eea432be0 .functor BUFZ 1, L_0x557eea4327a0, C4<0>, C4<0>, C4<0>;
v0x557eea3f78c0_0 .net "$1", 7 0, L_0x557eea432690;  1 drivers
v0x557eea3f7df0_0 .net "$10", 0 0, L_0x557eea3c5090;  1 drivers
v0x557eea42fff0_0 .net "$2", 6 0, L_0x557eea432090;  1 drivers
v0x557eea4300d0_0 .net "$4", 0 0, L_0x557eea4305e0;  1 drivers
v0x557eea4301b0_0 .net "$6", 7 0, L_0x557eea4325f0;  1 drivers
v0x557eea430300_0 .net "$8", 0 0, L_0x557eea4327a0;  1 drivers
v0x557eea4303e0_0 .net *"_ivl_1", 0 0, L_0x557eea431a70;  1 drivers
L_0x7fadf01df018 .functor BUFT 1, C4<0>, C4<0>, C4<0>, C4<0>;
v0x557eea4304c0_0 .net *"_ivl_11", 0 0, L_0x7fadf01df018;  1 drivers
v0x557eea430650_0 .net *"_ivl_13", 5 0, L_0x557eea431e40;  1 drivers
v0x557eea430710_0 .net *"_ivl_14", 6 0, L_0x557eea431ee0;  1 drivers
L_0x7fadf01df060 .functor BUFT 1, C4<0>, C4<0>, C4<0>, C4<0>;
v0x557eea4307f0_0 .net *"_ivl_17", 0 0, L_0x7fadf01df060;  1 drivers
v0x557eea4308d0_0 .net *"_ivl_21", 0 0, L_0x557eea4321d0;  1 drivers
v0x557eea4309b0_0 .net *"_ivl_23", 0 0, L_0x557eea4322c0;  1 drivers
v0x557eea430a90_0 .net *"_ivl_26", 7 0, L_0x557eea432360;  1 drivers
L_0x7fadf01df0a8 .functor BUFT 1, C4<0>, C4<0>, C4<0>, C4<0>;
v0x557eea430b70_0 .net *"_ivl_29", 0 0, L_0x7fadf01df0a8;  1 drivers
v0x557eea430c50_0 .net *"_ivl_3", 0 0, L_0x557eea431b10;  1 drivers
v0x557eea430d30_0 .net *"_ivl_30", 7 0, L_0x557eea4324b0;  1 drivers
L_0x7fadf01df0f0 .functor BUFT 1, C4<0000000>, C4<0>, C4<0>, C4<0>;
v0x557eea430e10_0 .net *"_ivl_33", 6 0, L_0x7fadf01df0f0;  1 drivers
v0x557eea430ef0_0 .net *"_ivl_37", 0 0, L_0x557eea432810;  1 drivers
v0x557eea430fd0_0 .net *"_ivl_39", 0 0, L_0x557eea4328b0;  1 drivers
v0x557eea4310b0_0 .net *"_ivl_47", 0 0, L_0x557eea432b20;  1 drivers
v0x557eea431190_0 .net *"_ivl_51", 0 0, L_0x557eea432be0;  1 drivers
v0x557eea431270_0 .net *"_ivl_56", 6 0, L_0x557eea432e70;  1 drivers
v0x557eea431350_0 .net *"_ivl_7", 5 0, L_0x557eea431c30;  1 drivers
v0x557eea431430_0 .net *"_ivl_8", 6 0, L_0x557eea431cd0;  1 drivers
v0x557eea431510_0 .net "a", 7 0, v0x557eea431870_0;  1 drivers
v0x557eea4315f0_0 .net "b", 7 0, v0x557eea431930_0;  1 drivers
v0x557eea4316f0_0 .net "o", 8 0, L_0x557eea432ce0;  alias, 1 drivers
L_0x557eea431a70 .part v0x557eea431870_0, 1, 1;
L_0x557eea431b10 .part v0x557eea431930_0, 1, 1;
L_0x557eea431c30 .part v0x557eea431870_0, 2, 6;
L_0x557eea431cd0 .concat [ 6 1 0 0], L_0x557eea431c30, L_0x7fadf01df018;
L_0x557eea431e40 .part v0x557eea431930_0, 2, 6;
L_0x557eea431ee0 .concat [ 6 1 0 0], L_0x557eea431e40, L_0x7fadf01df060;
L_0x557eea432090 .arith/sum 7, L_0x557eea431cd0, L_0x557eea431ee0;
L_0x557eea4321d0 .part v0x557eea431870_0, 1, 1;
L_0x557eea4322c0 .part v0x557eea431930_0, 1, 1;
L_0x557eea432360 .concat [ 7 1 0 0], L_0x557eea432090, L_0x7fadf01df0a8;
L_0x557eea4324b0 .concat [ 1 7 0 0], L_0x557eea4305e0, L_0x7fadf01df0f0;
L_0x557eea4325f0 .arith/sum 8, L_0x557eea432360, L_0x557eea4324b0;
L_0x557eea432810 .part v0x557eea431870_0, 0, 1;
L_0x557eea4328b0 .part v0x557eea431930_0, 0, 1;
L_0x557eea432ce0 .concat8 [ 1 1 7 0], L_0x557eea432be0, L_0x557eea432b20, L_0x557eea432e70;
L_0x557eea432e70 .part L_0x557eea4325f0, 0, 7;
    .scope S_0x557eea3c4d20;
T_0 ;
    %pushi/vec4 1, 0, 8;
    %store/vec4 v0x557eea431870_0, 0, 8;
    %pushi/vec4 3, 0, 8;
    %store/vec4 v0x557eea431930_0, 0, 8;
    %delay 10, 0;
    %vpi_call 2 12 "$finish" {0 0 0};
    %end;
    .thread T_0;
    .scope S_0x557eea3c4d20;
T_1 ;
    %vpi_call 2 19 "$dumpfile", "add2.vcd" {0 0 0};
    %vpi_call 2 20 "$dumpvars", 32'sb00000000000000000000000000000000 {0 0 0};
    %end;
    .thread T_1;
# The file index is used to find the file name in the following table.
:file_names 4;
    "N/A";
    "<interactive>";
    "tb_adder2.v";
    "./adder2.v";
